<?xml version="1.0" encoding="UTF-8"?>
<!-- Generated by org.testng.reporters.JUnitXMLReporter -->
<testsuite ignored="0" hostname="DESKTOP-DVUMH6U" failures="0" tests="15" name="Surefire test" time="210.763" errors="0" timestamp="2023-07-11T17:46:39 GMT-04:00">
  <testcase classname="com.gmail.qa.testcases.CreateAccountPageTest" name="CreateAccountPageTitleTest" time="0.019"/>
  <testcase classname="com.gmail.qa.testcases.CreateAccountPageTest" name="CreatingAccountwithoutfirstnameTest" time="0.367"/>
  <testcase classname="com.gmail.qa.testcases.CreateAccountPageTest" name="CreatingAccountwithnumbersTest" time="4.043"/>
  <testcase classname="com.gmail.qa.testcases.CreateAccountPageTest" name="HeadingTest" time="0.072"/>
  <testcase classname="com.gmail.qa.testcases.ForWorkPageTest" name="ForWorkPageTitleTest" time="0.018"/>
  <testcase classname="com.gmail.qa.testcases.ForWorkPageTest" name="VerifyOpenPricingPageTest" time="2.973"/>
  <testcase classname="com.gmail.qa.testcases.HomePageTest" name="HomePageTitleTest" time="0.01"/>
  <testcase classname="com.gmail.qa.testcases.HomePageTest" name="HomePageLogoTest" time="0.056"/>
  <testcase classname="com.gmail.qa.testcases.HomePageTest" name="VerifyForWorkpageTest" time="7.135"/>
  <testcase classname="com.gmail.qa.testcases.HomePageTest" name="VerifySigninPageTest" time="1.731"/>
  <testcase classname="com.gmail.qa.testcases.HomePageTest" name="VerifycresteanaccountPageTest" time="1.827"/>
  <testcase classname="com.gmail.qa.testcases.SigninPageTest" name="validateSignInPagetitleTest" time="0.016"/>
  <testcase classname="com.gmail.qa.testcases.SigninPageTest" name="LoginwithoutusernameTest" time="0.244"/>
  <testcase classname="com.gmail.qa.testcases.SigninPageTest" name="LoginwithspecialcharusernameTest" time="1.491"/>
  <testcase classname="com.gmail.qa.testcases.SigninPageTest" name="verifyForgetemailpage" time="0.866"/>
</testsuite> <!-- Surefire test -->
