<?xml version="1.0" encoding="UTF-8"?>
<!-- Generated by org.testng.reporters.JUnitXMLReporter -->
<testsuite ignored="0" hostname="DESKTOP-DVUMH6U" failures="0" tests="4" name="Default test" time="47.665" errors="0" timestamp="2023-07-17T19:27:01 GMT-04:00">
  <testcase classname="com.gmail.qa.testcases.SigninPageTest" name="validateSignInPagetitleTest" time="0.054"/>
  <testcase classname="com.gmail.qa.testcases.SigninPageTest" name="LoginwithoutusernameTest" time="0.277"/>
  <testcase classname="com.gmail.qa.testcases.SigninPageTest" name="LoginwithspecialcharusernameTest" time="1.982"/>
  <testcase classname="com.gmail.qa.testcases.SigninPageTest" name="verifyForgetemailpage" time="0.658"/>
</testsuite> <!-- Default test -->
