<?xml version="1.0" encoding="UTF-8"?>
<!-- Generated by org.testng.reporters.JUnitXMLReporter -->
<testsuite ignored="0" hostname="DESKTOP-DVUMH6U" failures="0" tests="15" name="Test" time="186.319" errors="0" timestamp="2023-07-08T21:10:18 GMT-04:00">
  <testcase classname="com.gmail.qa.testcases.HomePageTest" name="HomePageTitleTest" time="0.015"/>
  <testcase classname="com.gmail.qa.testcases.HomePageTest" name="HomePageLogoTest" time="0.143"/>
  <testcase classname="com.gmail.qa.testcases.HomePageTest" name="VerifyForWorkpageTest" time="3.735"/>
  <testcase classname="com.gmail.qa.testcases.HomePageTest" name="VerifySigninPageTest" time="2.719"/>
  <testcase classname="com.gmail.qa.testcases.HomePageTest" name="VerifycresteanaccountPageTest" time="1.811"/>
  <testcase classname="com.gmail.qa.testcases.SigninPageTest" name="validateSignInPagetitleTest" time="0.037"/>
  <testcase classname="com.gmail.qa.testcases.SigninPageTest" name="LoginwithoutusernameTest" time="0.174"/>
  <testcase classname="com.gmail.qa.testcases.SigninPageTest" name="LoginwithspecialcharusernameTest" time="1.889"/>
  <testcase classname="com.gmail.qa.testcases.SigninPageTest" name="verifyForgetemailpage" time="0.698"/>
  <testcase classname="com.gmail.qa.testcases.CreateAccountPageTest" name="CreateAccountPageTitleTest" time="1.127"/>
  <testcase classname="com.gmail.qa.testcases.CreateAccountPageTest" name="CreatingAccountwithoutfirstnameTest" time="0.645"/>
  <testcase classname="com.gmail.qa.testcases.CreateAccountPageTest" name="CreatingAccountwithnumbersTest" time="0.401"/>
  <testcase classname="com.gmail.qa.testcases.CreateAccountPageTest" name="HeadingTest" time="0.091"/>
  <testcase classname="com.gmail.qa.testcases.ForWorkPageTest" name="ForWorkPageTitleTest" time="0.016"/>
  <testcase classname="com.gmail.qa.testcases.ForWorkPageTest" name="VerifyOpenPricingPageTest" time="3.564"/>
</testsuite> <!-- Test -->
