<?xml version="1.0" encoding="UTF-8"?>
<testsuite xmlns:xsi="http://www.w3.org/2001/XMLSchema-instance" xsi:noNamespaceSchemaLocation="https://maven.apache.org/surefire/maven-surefire-plugin/xsd/surefire-test-report.xsd" name="TestSuite" time="212.527" tests="15" errors="0" skipped="0" failures="0">
  <properties>
[...]
</properties>
  <testcase name="CreateAccountPageTitleTest" classname="com.gmail.qa.testcases.CreateAccountPageTest" time="0.02"/>
  <testcase name="CreatingAccountwithoutfirstnameTest" classname="com.gmail.qa.testcases.CreateAccountPageTest" time="0.368"/>
  <testcase name="CreatingAccountwithnumbersTest" classname="com.gmail.qa.testcases.CreateAccountPageTest" time="4.041"/>
  <testcase name="HeadingTest" classname="com.gmail.qa.testcases.CreateAccountPageTest" time="0.072"/>
  <testcase name="ForWorkPageTitleTest" classname="com.gmail.qa.testcases.ForWorkPageTest" time="0.017"/>
  <testcase name="VerifyOpenPricingPageTest" classname="com.gmail.qa.testcases.ForWorkPageTest" time="2.973"/>
  <testcase name="HomePageTitleTest" classname="com.gmail.qa.testcases.HomePageTest" time="0.009"/>
  <testcase name="HomePageLogoTest" classname="com.gmail.qa.testcases.HomePageTest" time="0.056"/>
  <testcase name="VerifyForWorkpageTest" classname="com.gmail.qa.testcases.HomePageTest" time="7.136"/>
  <testcase name="VerifySigninPageTest" classname="com.gmail.qa.testcases.HomePageTest" time="1.732"/>
  <testcase name="VerifycresteanaccountPageTest" classname="com.gmail.qa.testcases.HomePageTest" time="1.827"/>
  <testcase name="validateSignInPagetitleTest" classname="com.gmail.qa.testcases.SigninPageTest" time="0.015"/>
  <testcase name="LoginwithoutusernameTest" classname="com.gmail.qa.testcases.SigninPageTest" time="0.245"/>
  <testcase name="LoginwithspecialcharusernameTest" classname="com.gmail.qa.testcases.SigninPageTest" time="1.49"/>
  <testcase name="verifyForgetemailpage" classname="com.gmail.qa.testcases.SigninPageTest" time="0.864"/>
</testsuite>