<?xml version="1.0" encoding="UTF-8"?>
<testng-results ignored="0" total="4" passed="4" failed="0" skipped="0">
  <reporter-output>
  </reporter-output>
  <suite started-at="2023-07-17T19:26:13 GMT-04:00" name="Default suite" finished-at="2023-07-17T19:27:01 GMT-04:00" duration-ms="47665">
    <groups>
    </groups>
    <test started-at="2023-07-17T19:26:13 GMT-04:00" name="Default test" finished-at="2023-07-17T19:27:01 GMT-04:00" duration-ms="47665">
      <class name="com.gmail.qa.testcases.SigninPageTest">
        <test-method is-config="true" signature="setUp()[pri:0, instance:com.gmail.qa.testcases.SigninPageTest@6fd83fc1]" started-at="2023-07-17T19:26:13 GMT-04:00" name="setUp" finished-at="2023-07-17T19:26:29 GMT-04:00" duration-ms="16065" status="PASS">
          <reporter-output>
          </reporter-output>
        </test-method> <!-- setUp -->
        <test-method signature="validateSignInPagetitleTest()[pri:1, instance:com.gmail.qa.testcases.SigninPageTest@6fd83fc1]" started-at="2023-07-17T19:26:29 GMT-04:00" name="validateSignInPagetitleTest" finished-at="2023-07-17T19:26:29 GMT-04:00" duration-ms="54" status="PASS">
          <reporter-output>
          </reporter-output>
        </test-method> <!-- validateSignInPagetitleTest -->
        <test-method is-config="true" signature="tearDown()[pri:0, instance:com.gmail.qa.testcases.SigninPageTest@6fd83fc1]" started-at="2023-07-17T19:26:29 GMT-04:00" name="tearDown" finished-at="2023-07-17T19:26:30 GMT-04:00" duration-ms="886" status="PASS">
          <reporter-output>
          </reporter-output>
        </test-method> <!-- tearDown -->
        <test-method is-config="true" signature="setUp()[pri:0, instance:com.gmail.qa.testcases.SigninPageTest@6fd83fc1]" started-at="2023-07-17T19:26:30 GMT-04:00" name="setUp" finished-at="2023-07-17T19:26:39 GMT-04:00" duration-ms="8847" status="PASS">
          <reporter-output>
          </reporter-output>
        </test-method> <!-- setUp -->
        <test-method signature="LoginwithoutusernameTest()[pri:2, instance:com.gmail.qa.testcases.SigninPageTest@6fd83fc1]" started-at="2023-07-17T19:26:39 GMT-04:00" name="LoginwithoutusernameTest" finished-at="2023-07-17T19:26:39 GMT-04:00" duration-ms="277" status="PASS">
          <reporter-output>
          </reporter-output>
        </test-method> <!-- LoginwithoutusernameTest -->
        <test-method is-config="true" signature="tearDown()[pri:0, instance:com.gmail.qa.testcases.SigninPageTest@6fd83fc1]" started-at="2023-07-17T19:26:39 GMT-04:00" name="tearDown" finished-at="2023-07-17T19:26:40 GMT-04:00" duration-ms="593" status="PASS">
          <reporter-output>
          </reporter-output>
        </test-method> <!-- tearDown -->
        <test-method is-config="true" signature="setUp()[pri:0, instance:com.gmail.qa.testcases.SigninPageTest@6fd83fc1]" started-at="2023-07-17T19:26:40 GMT-04:00" name="setUp" finished-at="2023-07-17T19:26:49 GMT-04:00" duration-ms="9034" status="PASS">
          <reporter-output>
          </reporter-output>
        </test-method> <!-- setUp -->
        <test-method signature="LoginwithspecialcharusernameTest()[pri:3, instance:com.gmail.qa.testcases.SigninPageTest@6fd83fc1]" started-at="2023-07-17T19:26:49 GMT-04:00" name="LoginwithspecialcharusernameTest" finished-at="2023-07-17T19:26:51 GMT-04:00" duration-ms="1982" status="PASS">
          <reporter-output>
          </reporter-output>
        </test-method> <!-- LoginwithspecialcharusernameTest -->
        <test-method is-config="true" signature="tearDown()[pri:0, instance:com.gmail.qa.testcases.SigninPageTest@6fd83fc1]" started-at="2023-07-17T19:26:51 GMT-04:00" name="tearDown" finished-at="2023-07-17T19:26:51 GMT-04:00" duration-ms="479" status="PASS">
          <reporter-output>
          </reporter-output>
        </test-method> <!-- tearDown -->
        <test-method is-config="true" signature="setUp()[pri:0, instance:com.gmail.qa.testcases.SigninPageTest@6fd83fc1]" started-at="2023-07-17T19:26:51 GMT-04:00" name="setUp" finished-at="2023-07-17T19:26:59 GMT-04:00" duration-ms="8217" status="PASS">
          <reporter-output>
          </reporter-output>
        </test-method> <!-- setUp -->
        <test-method signature="verifyForgetemailpage()[pri:4, instance:com.gmail.qa.testcases.SigninPageTest@6fd83fc1]" started-at="2023-07-17T19:26:59 GMT-04:00" name="verifyForgetemailpage" finished-at="2023-07-17T19:27:00 GMT-04:00" duration-ms="658" status="PASS">
          <reporter-output>
          </reporter-output>
        </test-method> <!-- verifyForgetemailpage -->
        <test-method is-config="true" signature="tearDown()[pri:0, instance:com.gmail.qa.testcases.SigninPageTest@6fd83fc1]" started-at="2023-07-17T19:27:00 GMT-04:00" name="tearDown" finished-at="2023-07-17T19:27:01 GMT-04:00" duration-ms="484" status="PASS">
          <reporter-output>
          </reporter-output>
        </test-method> <!-- tearDown -->
      </class> <!-- com.gmail.qa.testcases.SigninPageTest -->
    </test> <!-- Default test -->
  </suite> <!-- Default suite -->
</testng-results>
