<?xml version="1.0" encoding="UTF-8"?>
<!-- Generated by org.testng.reporters.JUnitXMLReporter -->
<testsuite ignored="0" hostname="DESKTOP-DVUMH6U" failures="0" tests="15" name="Gmail Test Cases" time="178.048" errors="0" timestamp="2023-07-12T21:20:18 GMT-04:00">
  <testcase classname="com.gmail.qa.testcases.HomePageTest" name="HomePageTitleTest" time="0.073"/>
  <testcase classname="com.gmail.qa.testcases.HomePageTest" name="HomePageLogoTest" time="0.302"/>
  <testcase classname="com.gmail.qa.testcases.HomePageTest" name="VerifyForWorkpageTest" time="4.382"/>
  <testcase classname="com.gmail.qa.testcases.HomePageTest" name="VerifySigninPageTest" time="1.76"/>
  <testcase classname="com.gmail.qa.testcases.HomePageTest" name="VerifycresteanaccountPageTest" time="2.463"/>
  <testcase classname="com.gmail.qa.testcases.SigninPageTest" name="validateSignInPagetitleTest" time="0.017"/>
  <testcase classname="com.gmail.qa.testcases.SigninPageTest" name="LoginwithoutusernameTest" time="0.962"/>
  <testcase classname="com.gmail.qa.testcases.SigninPageTest" name="LoginwithspecialcharusernameTest" time="2.213"/>
  <testcase classname="com.gmail.qa.testcases.SigninPageTest" name="verifyForgetemailpage" time="0.906"/>
  <testcase classname="com.gmail.qa.testcases.CreateAccountPageTest" name="CreateAccountPageTitleTest" time="0.032"/>
  <testcase classname="com.gmail.qa.testcases.CreateAccountPageTest" name="CreatingAccountwithoutfirstnameTest" time="1.857"/>
  <testcase classname="com.gmail.qa.testcases.CreateAccountPageTest" name="CreatingAccountwithnumbersTest" time="1.658"/>
  <testcase classname="com.gmail.qa.testcases.CreateAccountPageTest" name="HeadingTest" time="0.051"/>
  <testcase classname="com.gmail.qa.testcases.ForWorkPageTest" name="ForWorkPageTitleTest" time="0.019"/>
  <testcase classname="com.gmail.qa.testcases.ForWorkPageTest" name="VerifyOpenPricingPageTest" time="3.27"/>
</testsuite> <!-- Gmail Test Cases -->
